c:\users\user-pc\onedrive\문서\서강대5학기\기초컴퓨터그래픽스\과제4\hw4_src_1_20161595\4.0.chap2sec3\chap2sec3\debug\vc142.pdb
c:\users\user-pc\onedrive\문서\서강대5학기\기초컴퓨터그래픽스\과제4\hw4_src_1_20161595\4.0.chap2sec3\chap2sec3\debug\vc142.idb
c:\users\user-pc\onedrive\문서\서강대5학기\기초컴퓨터그래픽스\과제4\hw4_src_1_20161595\4.0.chap2sec3\chap2sec3\debug\loadshaders.obj
c:\users\user-pc\onedrive\문서\서강대5학기\기초컴퓨터그래픽스\과제4\hw4_src_1_20161595\4.0.chap2sec3\chap2sec3\debug\chap2sec3_glsl.obj
c:\users\user-pc\onedrive\문서\서강대5학기\기초컴퓨터그래픽스\과제4\hw4_src_1_20161595\hw4_src_1_20161595\chap2sec3\debug\vc142.pdb
c:\users\user-pc\onedrive\문서\서강대5학기\기초컴퓨터그래픽스\과제4\hw4_src_1_20161595\hw4_src_1_20161595\chap2sec3\debug\vc142.idb
c:\users\user-pc\onedrive\문서\서강대5학기\기초컴퓨터그래픽스\과제4\hw4_src_1_20161595\hw4_src_1_20161595\chap2sec3\debug\loadshaders.obj
c:\users\user-pc\onedrive\문서\서강대5학기\기초컴퓨터그래픽스\과제4\hw4_src_1_20161595\hw4_src_1_20161595\chap2sec3\debug\chap2sec3_glsl.obj
c:\users\user-pc\onedrive\문서\서강대5학기\기초컴퓨터그래픽스\과제4\hw4_src_1_20161595\4.0.chap2sec3\debug\chap2sec3.ilk
c:\users\user-pc\onedrive\문서\서강대5학기\기초컴퓨터그래픽스\과제4\hw4_src_1_20161595\4.0.chap2sec3\debug\chap2sec3.exe
c:\users\user-pc\onedrive\문서\서강대5학기\기초컴퓨터그래픽스\과제4\hw4_src_1_20161595\4.0.chap2sec3\debug\chap2sec3.pdb
c:\users\user-pc\onedrive\문서\서강대5학기\기초컴퓨터그래픽스\과제4\hw4_src_1_20161595\hw4_src_1_20161595\debug\chap2sec3.exe
c:\users\user-pc\onedrive\문서\서강대5학기\기초컴퓨터그래픽스\과제4\hw4_src_1_20161595\hw4_src_1_20161595\debug\chap2sec3.ilk
c:\users\user-pc\onedrive\문서\서강대5학기\기초컴퓨터그래픽스\과제4\hw4_src_1_20161595\hw4_src_1_20161595\debug\chap2sec3.pdb
c:\users\user-pc\onedrive\문서\서강대5학기\기초컴퓨터그래픽스\과제4\hw4_src_1_20161595\hw4_src_1_20161595\chap2sec3\debug\chap2sec3.tlog\cl.command.1.tlog
c:\users\user-pc\onedrive\문서\서강대5학기\기초컴퓨터그래픽스\과제4\hw4_src_1_20161595\hw4_src_1_20161595\chap2sec3\debug\chap2sec3.tlog\cl.read.1.tlog
c:\users\user-pc\onedrive\문서\서강대5학기\기초컴퓨터그래픽스\과제4\hw4_src_1_20161595\hw4_src_1_20161595\chap2sec3\debug\chap2sec3.tlog\cl.write.1.tlog
c:\users\user-pc\onedrive\문서\서강대5학기\기초컴퓨터그래픽스\과제4\hw4_src_1_20161595\hw4_src_1_20161595\chap2sec3\debug\chap2sec3.tlog\link.command.1.tlog
c:\users\user-pc\onedrive\문서\서강대5학기\기초컴퓨터그래픽스\과제4\hw4_src_1_20161595\hw4_src_1_20161595\chap2sec3\debug\chap2sec3.tlog\link.read.1.tlog
c:\users\user-pc\onedrive\문서\서강대5학기\기초컴퓨터그래픽스\과제4\hw4_src_1_20161595\hw4_src_1_20161595\chap2sec3\debug\chap2sec3.tlog\link.write.1.tlog
